<?xml version="1.0" encoding="UTF-8"?>
<testng-results ignored="0" total="3" passed="2" failed="1" skipped="0">
  <reporter-output>
  </reporter-output>
  <suite started-at="2023-01-13T09:56:50 IST" name="Default suite" finished-at="2023-01-13T09:57:49 IST" duration-ms="58821">
    <groups>
    </groups>
    <test started-at="2023-01-13T09:56:50 IST" name="Default test" finished-at="2023-01-13T09:57:49 IST" duration-ms="58821">
      <class name="TestClass.TestClass">
        <test-method is-config="true" signature="openBrowser()[pri:0, instance:TestClass.TestClass@272113c4]" started-at="2023-01-13T09:56:50 IST" name="openBrowser" finished-at="2023-01-13T09:57:00 IST" duration-ms="9780" status="PASS">
          <reporter-output>
          </reporter-output>
        </test-method> <!-- openBrowser -->
        <test-method is-config="true" signature="loginToApp()[pri:0, instance:TestClass.TestClass@272113c4]" started-at="2023-01-13T09:57:00 IST" name="loginToApp" finished-at="2023-01-13T09:57:00 IST" duration-ms="69" status="PASS">
          <reporter-output>
          </reporter-output>
        </test-method> <!-- loginToApp -->
        <test-method signature="Form7004()[pri:0, instance:TestClass.TestClass@272113c4]" started-at="2023-01-13T09:57:00 IST" name="Form7004" finished-at="2023-01-13T09:57:00 IST" duration-ms="19" status="PASS">
          <reporter-output>
          </reporter-output>
        </test-method> <!-- Form7004 -->
        <test-method is-config="true" signature="loginToApp()[pri:0, instance:TestClass.TestClass@272113c4]" started-at="2023-01-13T09:57:00 IST" name="loginToApp" finished-at="2023-01-13T09:57:00 IST" duration-ms="4" status="PASS">
          <reporter-output>
          </reporter-output>
        </test-method> <!-- loginToApp -->
        <test-method signature="loginpage()[pri:0, instance:TestClass.TestClass@272113c4]" started-at="2023-01-13T09:57:00 IST" name="loginpage" finished-at="2023-01-13T09:57:16 IST" duration-ms="15895" status="PASS">
          <reporter-output>
          </reporter-output>
        </test-method> <!-- loginpage -->
        <test-method is-config="true" signature="loginToApp()[pri:0, instance:TestClass.TestClass@272113c4]" started-at="2023-01-13T09:57:16 IST" name="loginToApp" finished-at="2023-01-13T09:57:16 IST" duration-ms="5" status="PASS">
          <reporter-output>
          </reporter-output>
        </test-method> <!-- loginToApp -->
        <test-method signature="loginpage1()[pri:0, instance:TestClass.TestClass@272113c4]" started-at="2023-01-13T09:57:16 IST" name="loginpage1" finished-at="2023-01-13T09:57:49 IST" duration-ms="32932" status="FAIL">
          <exception class="java.lang.IllegalArgumentException">
            <message>
              <![CDATA[Input must be set]]>
            </message>
            <full-stacktrace>
              <![CDATA[java.lang.IllegalArgumentException: Input must be set
at org.openqa.selenium.internal.Require.nonNull(Require.java:59)
at org.openqa.selenium.support.ui.FluentWait.<init>(FluentWait.java:97)
at org.openqa.selenium.support.ui.WebDriverWait.<init>(WebDriverWait.java:77)
at org.openqa.selenium.support.ui.WebDriverWait.<init>(WebDriverWait.java:46)
at UtilClass.UtilClass.expliciteWait1(UtilClass.java:46)
at POMClass.LogoutUserPage.userprofile(LogoutUserPage.java:55)
at TestClass.TestClass.loginpage1(TestClass.java:95)
at java.base/jdk.internal.reflect.DirectMethodHandleAccessor.invoke(DirectMethodHandleAccessor.java:104)
at java.base/java.lang.reflect.Method.invoke(Method.java:578)
at org.testng.internal.MethodInvocationHelper.invokeMethod(MethodInvocationHelper.java:133)
at org.testng.internal.TestInvoker.invokeMethod(TestInvoker.java:598)
at org.testng.internal.TestInvoker.invokeTestMethod(TestInvoker.java:173)
at org.testng.internal.MethodRunner.runInSequence(MethodRunner.java:46)
at org.testng.internal.TestInvoker$MethodInvocationAgent.invoke(TestInvoker.java:824)
at org.testng.internal.TestInvoker.invokeTestMethods(TestInvoker.java:146)
at org.testng.internal.TestMethodWorker.invokeTestMethods(TestMethodWorker.java:146)
at org.testng.internal.TestMethodWorker.run(TestMethodWorker.java:128)
at java.base/java.util.ArrayList.forEach(ArrayList.java:1511)
at org.testng.TestRunner.privateRun(TestRunner.java:794)
at org.testng.TestRunner.run(TestRunner.java:596)
at org.testng.SuiteRunner.runTest(SuiteRunner.java:377)
at org.testng.SuiteRunner.runSequentially(SuiteRunner.java:371)
at org.testng.SuiteRunner.privateRun(SuiteRunner.java:332)
at org.testng.SuiteRunner.run(SuiteRunner.java:276)
at org.testng.SuiteRunnerWorker.runSuite(SuiteRunnerWorker.java:53)
at org.testng.SuiteRunnerWorker.run(SuiteRunnerWorker.java:96)
at org.testng.TestNG.runSuitesSequentially(TestNG.java:1212)
at org.testng.TestNG.runSuitesLocally(TestNG.java:1134)
at org.testng.TestNG.runSuites(TestNG.java:1063)
at org.testng.TestNG.run(TestNG.java:1031)
at org.testng.remote.AbstractRemoteTestNG.run(AbstractRemoteTestNG.java:115)
at org.testng.remote.RemoteTestNG.initAndRun(RemoteTestNG.java:251)
at org.testng.remote.RemoteTestNG.main(RemoteTestNG.java:77)
]]>
            </full-stacktrace>
          </exception> <!-- java.lang.IllegalArgumentException -->
          <reporter-output>
          </reporter-output>
        </test-method> <!-- loginpage1 -->
        <test-method is-config="true" signature="closedBrowser()[pri:0, instance:TestClass.TestClass@272113c4]" started-at="2023-01-13T09:57:49 IST" name="closedBrowser" finished-at="2023-01-13T09:57:49 IST" duration-ms="1" status="PASS">
          <reporter-output>
          </reporter-output>
        </test-method> <!-- closedBrowser -->
      </class> <!-- TestClass.TestClass -->
    </test> <!-- Default test -->
  </suite> <!-- Default suite -->
</testng-results>
